<?xml version="1.0" encoding="UTF-8"?>
<testsuite xmlns:xsi="http://www.w3.org/2001/XMLSchema-instance" xsi:noNamespaceSchemaLocation="https://maven.apache.org/surefire/maven-surefire-plugin/xsd/surefire-test-report.xsd" name="yaksha.MainClassTest" time="0.738" tests="3" errors="0" skipped="0" failures="0">
  <properties>
[...]
</properties>
  <testcase name="testDisplay" classname="yaksha.MainClassTest" time="0.7"/>
  <testcase name="testExceptionConditon" classname="yaksha.MainClassTest" time="0.012"/>
  <testcase name="testBoundaryCondition" classname="yaksha.MainClassTest" time="0.004"/>
</testsuite>